<?xml version="1.0" encoding="UTF-8"?>
<!-- Generated by org.testng.reporters.JUnitReportReporter -->
<testsuite hostname="Alfin" name="Tests.logintest" tests="2" failures="0" timestamp="9 Nov 2016 06:32:46 GMT" time="21.108" errors="0">
  <testcase name="a_incorrect_login" time="5.942" classname="Tests.logintest"/>
  <testcase name="b_correct_login" time="15.166" classname="Tests.logintest"/>
</testsuite> <!-- Tests.logintest -->
