<?xml version="1.0" encoding="UTF-8"?>
<!-- Generated by org.testng.reporters.JUnitReportReporter -->
<testsuite hostname="Alfin" name="Tests.signuptest" tests="2" failures="0" timestamp="10 Nov 2016 05:21:03 GMT" time="7.110" errors="0">
  <testcase name="login" time="3.674" classname="Tests.signuptest"/>
  <testcase name="login" time="3.436" classname="Tests.signuptest"/>
</testsuite> <!-- Tests.signuptest -->
