<?xml version="1.0" encoding="UTF-8"?>
<!-- Generated by org.testng.reporters.JUnitReportReporter -->
<testsuite hostname="Alfin" name="Tests.logintest" tests="1" failures="0" timestamp="31 Oct 2016 20:47:44 GMT" time="10.281" errors="0">
  <testcase name="correct_login" time="10.281" classname="Tests.logintest"/>
</testsuite> <!-- Tests.logintest -->
