<?xml version="1.0" encoding="UTF-8"?>
<!-- Generated by org.testng.reporters.JUnitReportReporter -->
<testsuite hostname="Alfin" name="Tests.signuptest" tests="2" failures="0" timestamp="9 Nov 2016 06:32:45 GMT" time="5.875" errors="0">
  <testcase name="login" time="4.016" classname="Tests.signuptest"/>
  <testcase name="login" time="1.859" classname="Tests.signuptest"/>
</testsuite> <!-- Tests.signuptest -->
