<?xml version="1.0" encoding="UTF-8"?>
<!-- Generated by org.testng.reporters.JUnitReportReporter -->
<testsuite hostname="Alfin" name="Tests.logintest" tests="2" failures="0" timestamp="10 Nov 2016 05:21:03 GMT" time="21.019" errors="0">
  <testcase name="a_incorrect_login" time="7.881" classname="Tests.logintest"/>
  <testcase name="b_correct_login" time="13.138" classname="Tests.logintest"/>
</testsuite> <!-- Tests.logintest -->
